{
  "RSpec": {
    "coverage": {
      "/Users/asiakane/Desktop/epicodus/rails/code-reviews/higher-grounds-coffee/spec/features/add_product_pages_spec.rb": [
        1,
        null,
        1,
        null,
        null
      ],
      "/Users/asiakane/Desktop/epicodus/rails/code-reviews/higher-grounds-coffee/spec/rails_helper.rb": [
        null,
        1,
        1,
        1,
        null,
        1,
        1,
        null,
        null,
        null,
        1,
        1,
        1,
        null,
        null,
        null,
        null,
        null,
        null,
        null,
        null,
        null,
        null,
        null,
        null,
        null,
        null,
        null,
        null,
        null,
        null,
        1,
        null,
        1,
        null,
        1,
        null,
        null,
        null,
        null,
        1,
        null,
        null,
        null,
        null,
        null,
        null,
        null,
        null,
        null,
        null,
        null,
        null,
        null,
        null,
        1,
        null,
        null,
        1,
        null,
        null,
        1,
        null,
        null,
        1,
        1,
        1,
        1,
        null,
        null
      ],
      "/Users/asiakane/Desktop/epicodus/rails/code-reviews/higher-grounds-coffee/config/environment.rb": [
        null,
        1,
        null,
        null,
        1
      ],
      "/Users/asiakane/Desktop/epicodus/rails/code-reviews/higher-grounds-coffee/config/application.rb": [
        1,
        null,
        1,
        null,
        1,
        1,
        1,
        1,
        1,
        1,
        1,
        1,
        null,
        null,
        null,
        null,
        1,
        null,
        1,
        1,
        null,
        1,
        null,
        null,
        null,
        null,
        null,
        null,
        1,
        null,
        null
      ],
      "/Users/asiakane/Desktop/epicodus/rails/code-reviews/higher-grounds-coffee/config/boot.rb": [
        1,
        null,
        1
      ],
      "/Users/asiakane/Desktop/epicodus/rails/code-reviews/higher-grounds-coffee/config/environments/test.rb": [
        1,
        null,
        null,
        null,
        null,
        null,
        null,
        1,
        null,
        null,
        null,
        null,
        1,
        null,
        null,
        1,
        1,
        null,
        null,
        null,
        null,
        1,
        1,
        null,
        null,
        1,
        null,
        null,
        1,
        1,
        null,
        null,
        null,
        null,
        1,
        null,
        null,
        1,
        null,
        null,
        null,
        null
      ],
      "/Users/asiakane/Desktop/epicodus/rails/code-reviews/higher-grounds-coffee/config/initializers/application_controller_renderer.rb": [
        null,
        null,
        null,
        null,
        null,
        null
      ],
      "/Users/asiakane/Desktop/epicodus/rails/code-reviews/higher-grounds-coffee/config/initializers/assets.rb": [
        null,
        null,
        null,
        1,
        null,
        null,
        null,
        null,
        1,
        null,
        null,
        null,
        null,
        null
      ],
      "/Users/asiakane/Desktop/epicodus/rails/code-reviews/higher-grounds-coffee/config/initializers/backtrace_silencers.rb": [
        null,
        null,
        null,
        null,
        null,
        null,
        null
      ],
      "/Users/asiakane/Desktop/epicodus/rails/code-reviews/higher-grounds-coffee/config/initializers/cookies_serializer.rb": [
        null,
        null,
        null,
        null,
        1
      ],
      "/Users/asiakane/Desktop/epicodus/rails/code-reviews/higher-grounds-coffee/config/initializers/devise.rb": [
        null,
        null,
        1,
        null,
        null,
        null,
        null,
        null,
        null,
        null,
        null,
        null,
        null,
        null,
        1,
        null,
        null,
        null,
        null,
        null,
        null,
        null,
        null,
        null,
        null,
        null,
        1,
        null,
        null,
        null,
        null,
        null,
        null,
        null,
        null,
        null,
        null,
        null,
        null,
        null,
        null,
        null,
        null,
        null,
        null,
        null,
        null,
        null,
        1,
        null,
        null,
        null,
        null,
        1,
        null,
        null,
        null,
        null,
        null,
        null,
        null,
        null,
        null,
        null,
        null,
        null,
        null,
        null,
        null,
        null,
        null,
        null,
        null,
        null,
        null,
        null,
        null,
        null,
        null,
        null,
        null,
        null,
        null,
        null,
        1,
        null,
        null,
        null,
        null,
        null,
        null,
        null,
        null,
        null,
        null,
        null,
        null,
        null,
        null,
        null,
        null,
        null,
        null,
        null,
        null,
        null,
        null,
        1,
        null,
        null,
        null,
        null,
        null,
        null,
        null,
        null,
        null,
        null,
        null,
        null,
        null,
        null,
        null,
        null,
        null,
        null,
        null,
        null,
        null,
        null,
        null,
        null,
        null,
        null,
        null,
        null,
        null,
        null,
        1,
        null,
        null,
        null,
        null,
        null,
        null,
        null,
        null,
        null,
        1,
        null,
        null,
        null,
        null,
        null,
        null,
        null,
        null,
        null,
        null,
        1,
        null,
        null,
        null,
        null,
        1,
        null,
        null,
        null,
        null,
        null,
        null,
        null,
        null,
        null,
        null,
        null,
        null,
        null,
        null,
        null,
        null,
        null,
        null,
        null,
        null,
        null,
        null,
        null,
        null,
        null,
        null,
        null,
        null,
        null,
        null,
        null,
        null,
        null,
        null,
        null,
        null,
        null,
        null,
        null,
        null,
        1,
        null,
        null,
        null,
        null,
        null,
        null,
        null,
        null,
        null,
        null,
        null,
        null,
        null,
        null,
        null,
        null,
        null,
        null,
        null,
        null,
        null,
        null,
        null,
        null,
        null,
        null,
        null,
        null,
        null,
        null,
        null,
        null,
        null,
        null,
        null,
        null,
        null,
        null,
        null,
        null,
        null,
        1,
        null,
        null,
        null,
        null,
        null,
        null,
        null,
        null,
        null,
        null,
        null,
        null,
        null,
        null,
        null,
        null,
        null,
        null,
        null,
        null,
        null,
        null,
        null,
        null,
        null,
        null,
        null,
        null,
        null
      ],
      "/Users/asiakane/Desktop/epicodus/rails/code-reviews/higher-grounds-coffee/config/initializers/filter_parameter_logging.rb": [
        null,
        null,
        null,
        1
      ],
      "/Users/asiakane/Desktop/epicodus/rails/code-reviews/higher-grounds-coffee/config/initializers/inflections.rb": [
        null,
        null,
        null,
        null,
        null,
        null,
        null,
        null,
        null,
        null,
        null,
        null,
        null,
        null,
        null,
        null
      ],
      "/Users/asiakane/Desktop/epicodus/rails/code-reviews/higher-grounds-coffee/config/initializers/mime_types.rb": [
        null,
        null,
        null,
        null
      ],
      "/Users/asiakane/Desktop/epicodus/rails/code-reviews/higher-grounds-coffee/config/initializers/wrap_parameters.rb": [
        null,
        null,
        null,
        null,
        null,
        null,
        1,
        2,
        null,
        null,
        null,
        null,
        null,
        null
      ],
      "/Users/asiakane/Desktop/epicodus/rails/code-reviews/higher-grounds-coffee/config/routes.rb": [
        1,
        1,
        null,
        1,
        null,
        1,
        null,
        1,
        1,
        null,
        null
      ],
      "/Users/asiakane/Desktop/epicodus/rails/code-reviews/higher-grounds-coffee/app/models/user.rb": [
        1,
        null,
        null,
        1,
        null,
        null
      ],
      "/Users/asiakane/Desktop/epicodus/rails/code-reviews/higher-grounds-coffee/app/models/application_record.rb": [
        1,
        1,
        null
      ],
      "/Users/asiakane/Desktop/epicodus/rails/code-reviews/higher-grounds-coffee/app/controllers/application_controller.rb": [
        1,
        1,
        null,
        1,
        null
      ],
      "/Users/asiakane/Desktop/epicodus/rails/code-reviews/higher-grounds-coffee/app/helpers/application_helper.rb": [
        1,
        null
      ],
      "/Users/asiakane/Desktop/epicodus/rails/code-reviews/higher-grounds-coffee/app/channels/application_cable/channel.rb": [
        1,
        1,
        null,
        null
      ],
      "/Users/asiakane/Desktop/epicodus/rails/code-reviews/higher-grounds-coffee/app/channels/application_cable/connection.rb": [
        1,
        1,
        null,
        null
      ],
      "/Users/asiakane/Desktop/epicodus/rails/code-reviews/higher-grounds-coffee/app/controllers/home_controller.rb": [
        1,
        1,
        null,
        1,
        null,
        null
      ],
      "/Users/asiakane/Desktop/epicodus/rails/code-reviews/higher-grounds-coffee/app/controllers/products_controller.rb": [
        1,
        1,
        null,
        1,
        0,
        null,
        null,
        1,
        0,
        null,
        null,
        1,
        0,
        null,
        null,
        1,
        0,
        null,
        null,
        1,
        0,
        0,
        0,
        0,
        null,
        0,
        null,
        null,
        null,
        1,
        0,
        null,
        null,
        1,
        0,
        0,
        0,
        0,
        null,
        0,
        null,
        null,
        null,
        1,
        0,
        0,
        0,
        null,
        null,
        1,
        1,
        0,
        null,
        null
      ],
      "/Users/asiakane/Desktop/epicodus/rails/code-reviews/higher-grounds-coffee/app/controllers/reviews_controller.rb": [
        1,
        1,
        0,
        null,
        null,
        1,
        0,
        0,
        null,
        null,
        1,
        0,
        0,
        0,
        0,
        0,
        null,
        0,
        null,
        null,
        null,
        1,
        0,
        0,
        0,
        0,
        null,
        null,
        1,
        1,
        0,
        null,
        null
      ],
      "/Users/asiakane/Desktop/epicodus/rails/code-reviews/higher-grounds-coffee/app/jobs/application_job.rb": [
        1,
        null
      ],
      "/Users/asiakane/Desktop/epicodus/rails/code-reviews/higher-grounds-coffee/app/mailers/application_mailer.rb": [
        1,
        1,
        1,
        null
      ],
      "/Users/asiakane/Desktop/epicodus/rails/code-reviews/higher-grounds-coffee/app/models/product.rb": [
        1,
        1,
        null,
        1,
        null
      ],
      "/Users/asiakane/Desktop/epicodus/rails/code-reviews/higher-grounds-coffee/app/models/review.rb": [
        1,
        1,
        null,
        1,
        null
      ],
      "/Users/asiakane/Desktop/epicodus/rails/code-reviews/higher-grounds-coffee/spec/factories.rb": [
        1,
        1,
        1,
        1,
        null,
        null,
        1,
        1,
        1,
        1,
        null,
        null,
        1,
        1,
        1,
        1,
        1,
        1,
        1,
        null,
        null
      ],
      "/Users/asiakane/Desktop/epicodus/rails/code-reviews/higher-grounds-coffee/spec/support/factory_girl.rb": [
        1,
        1,
        null,
        1,
        null,
        1,
        21,
        null,
        null
      ],
      "/Users/asiakane/Desktop/epicodus/rails/code-reviews/higher-grounds-coffee/spec/features/sign_in_pages_spec.rb": [
        1,
        null,
        1,
        null,
        1,
        1,
        1,
        1,
        1,
        null,
        null,
        1,
        1,
        1,
        1,
        1,
        1,
        1,
        null,
        null,
        1,
        1,
        1,
        1,
        1,
        1,
        null,
        null,
        1,
        1,
        1,
        1,
        1,
        1,
        null,
        null
      ],
      "/Users/asiakane/Desktop/epicodus/rails/code-reviews/higher-grounds-coffee/spec/features/sign_up_pages_spec.rb": [
        1,
        null,
        1,
        1,
        1,
        1,
        1,
        1,
        null,
        null,
        1,
        1,
        1,
        1,
        1,
        1,
        1,
        1,
        null,
        null,
        1,
        1,
        1,
        1,
        1,
        1,
        1,
        1,
        null,
        null,
        null
      ],
      "/Users/asiakane/Desktop/epicodus/rails/code-reviews/higher-grounds-coffee/spec/models/product_spec.rb": [
        1,
        null,
        1,
        2,
        null,
        2,
        2,
        2,
        2,
        2,
        2,
        null,
        null
      ],
      "/Users/asiakane/Desktop/epicodus/rails/code-reviews/higher-grounds-coffee/spec/models/review_spec.rb": [
        1,
        null,
        1,
        2,
        null,
        2,
        2,
        null
      ],
      "/Users/asiakane/Desktop/epicodus/rails/code-reviews/higher-grounds-coffee/spec/models/user_spec.rb": [
        1,
        null,
        1,
        2,
        null,
        3,
        2,
        null,
        1,
        1,
        1,
        null,
        null,
        1,
        1,
        1,
        null,
        null,
        null
      ]
    },
    "timestamp": 1499464319
  }
}
